<?xml version="1.0" encoding="UTF-8"?>
<!-- Generated by org.testng.reporters.JUnitReportReporter -->
<testsuite skipped="0" hostname="ANIL" name="com.crm.qa.testcases.LoginPageTest" tests="3" failures="0" timestamp="06 Aug 2019 10:06:43 GMT" time="119.456" errors="0">
  <testcase name="validateLoginPageTitleTest" time="27.272" classname="com.crm.qa.testcases.LoginPageTest"/>
  <testcase name="ClickonLogonTest" time="49.130" classname="com.crm.qa.testcases.LoginPageTest"/>
  <testcase name="loginTest" time="43.054" classname="com.crm.qa.testcases.LoginPageTest"/>
</testsuite> <!-- com.crm.qa.testcases.LoginPageTest -->
