<?xml version="1.0" encoding="UTF-8"?>
<!-- Generated by org.testng.reporters.JUnitReportReporter -->
<testsuite skipped="0" hostname="ANIL" name="com.crm.qa.testcases.LoginPageTest" tests="3" failures="0" timestamp="06 Aug 2019 10:25:27 GMT" time="150.878" errors="0">
  <testcase name="validateLoginPageTitleTest" time="17.390" classname="com.crm.qa.testcases.LoginPageTest"/>
  <testcase name="ClickonLogonTest" time="66.981" classname="com.crm.qa.testcases.LoginPageTest"/>
  <testcase name="loginTest" time="66.507" classname="com.crm.qa.testcases.LoginPageTest"/>
</testsuite> <!-- com.crm.qa.testcases.LoginPageTest -->
